<?xml version="1.0" encoding="UTF-8"?>
<testsuite xmlns:xsi="http://www.w3.org/2001/XMLSchema-instance" xsi:noNamespaceSchemaLocation="https://maven.apache.org/surefire/maven-surefire-plugin/xsd/surefire-test-report.xsd" version="3.0.2" name="com.aripapeleria.msapigateway.security.JwtServiceTest" time="1.166" tests="5" errors="0" skipped="0" failures="0">
  <properties>
[...]
</properties>
  <testcase name="recuperaElUsuarioDelToken" classname="com.aripapeleria.msapigateway.security.JwtServiceTest" time="1.079"/>
  <testcase name="generaTokenNoNulo" classname="com.aripapeleria.msapigateway.security.JwtServiceTest" time="0.005"/>
  <testcase name="tokenGeneradoEsValido" classname="com.aripapeleria.msapigateway.security.JwtServiceTest" time="0.005"/>
  <testcase name="tokenManipuladoEsInvalido" classname="com.aripapeleria.msapigateway.security.JwtServiceTest" time="0.005"/>
  <testcase name="tokenBasuraEsInvalido" classname="com.aripapeleria.msapigateway.security.JwtServiceTest" time="0.002"/>
</testsuite>